2019-10-28 17:19:06 INFO  ScheduledTasks:30 - Время :17:19:05 Количетсво пользователей в базе: 2
2019-10-28 17:20:24 INFO  MyMailSender:40 - Отправка статистики нa почту: klimovich.a97@gmail.com
2019-10-28 17:28:26 INFO  ScheduledTasks:30 - Время :17:28:25 Количетсво пользователей в базе: 2
2019-10-28 17:28:33 INFO  MyLogger:11 - поиск сотруника по имени Putin
2019-10-28 17:38:26 INFO  ScheduledTasks:30 - Время :17:38:26 Количетсво пользователей в базе: 2
2019-10-28 17:40:06 INFO  MyLogger:11 - Поиск сотруника по имени Putin
2019-10-28 17:40:13 INFO  MyLogger:19 - Поиск всех подчиненных сотрудника Putin
2019-10-28 17:40:33 INFO  MyLogger:27 - Добавлен пользователь Zhirik
2019-10-28 17:43:57 INFO  ScheduledTasks:30 - Время :17:43:57 Количетсво пользователей в базе: 3
2019-10-28 17:44:15 INFO  MyLogger:27 - Добавлен пользователь Peskov
2019-10-28 17:44:22 INFO  MyLogger:15 - Поиск всех боссов сотрудника Peskov
2019-10-28 17:44:31 INFO  MyLogger:19 - Поиск всех подчиненных сотрудника Zhirik
2019-10-31 12:44:24 INFO  ScheduledTasks:30 - Время :12:44:23 Количетсво пользователей в базе: 3
2019-10-31 12:44:33 INFO  MyLogger:15 - Поиск всех боссов сотрудника Zhirik
2019-10-31 12:50:01 INFO  ScheduledTasks:30 - Время :12:50:01 Количетсво пользователей в базе: 3
2019-10-31 12:50:56 INFO  ScheduledTasks:30 - Время :12:50:56 Количетсво пользователей в базе: 3
2019-10-31 12:56:07 INFO  ScheduledTasks:30 - Время :12:56:07 Количетсво пользователей в базе: 3
2019-10-31 12:57:11 INFO  ScheduledTasks:30 - Время :12:57:11 Количетсво пользователей в базе: 3
2019-10-31 13:26:18 INFO  ScheduledTasks:30 - Время :13:26:17 Количетсво пользователей в базе: 3
2019-10-31 13:26:39 INFO  ScheduledTasks:30 - Время :13:26:38 Количетсво пользователей в базе: 3
2019-10-31 13:27:22 INFO  ScheduledTasks:30 - Время :13:27:22 Количетсво пользователей в базе: 3
2019-10-31 13:28:51 INFO  ScheduledTasks:30 - Время :13:28:51 Количетсво пользователей в базе: 3
2019-10-31 13:29:10 INFO  ScheduledTasks:30 - Время :13:29:10 Количетсво пользователей в базе: 3
2019-10-31 13:29:27 INFO  ScheduledTasks:30 - Время :13:29:27 Количетсво пользователей в базе: 3
2019-10-31 13:30:17 INFO  ScheduledTasks:30 - Время :13:30:17 Количетсво пользователей в базе: 3
2019-10-31 13:30:42 INFO  ScheduledTasks:30 - Время :13:30:42 Количетсво пользователей в базе: 3
2019-10-31 13:31:06 INFO  ScheduledTasks:30 - Время :13:31:06 Количетсво пользователей в базе: 3
2019-10-31 13:31:50 INFO  ScheduledTasks:30 - Время :13:31:50 Количетсво пользователей в базе: 3
2019-10-31 13:33:13 INFO  ScheduledTasks:30 - Время :13:33:13 Количетсво пользователей в базе: 3
2019-10-31 13:34:10 INFO  ScheduledTasks:30 - Время :13:34:10 Количетсво пользователей в базе: 3
2019-10-31 13:36:40 INFO  ScheduledTasks:30 - Время :13:36:40 Количетсво пользователей в базе: 3
2019-10-31 13:38:24 INFO  ScheduledTasks:30 - Время :13:38:24 Количетсво пользователей в базе: 3
2019-10-31 13:39:14 INFO  MyLogger:19 - Поиск всех подчиненных сотрудника Putin
2019-10-31 13:41:58 INFO  MyLogger:11 - Поиск сотруника по имени Putin
2019-10-31 13:42:19 INFO  MyLogger:11 - Поиск сотруника по имени Putin
2019-10-31 13:43:02 INFO  ScheduledTasks:30 - Время :13:43:02 Количетсво пользователей в базе: 3
2019-10-31 13:43:15 INFO  MyLogger:11 - Поиск сотруника по имени Putin
2019-10-31 13:43:43 INFO  ScheduledTasks:30 - Время :13:43:43 Количетсво пользователей в базе: 3
2019-10-31 13:49:06 INFO  ScheduledTasks:30 - Время :13:49:06 Количетсво пользователей в базе: 3
2019-10-31 13:49:38 INFO  ScheduledTasks:30 - Время :13:49:38 Количетсво пользователей в базе: 3
2019-10-31 13:50:15 INFO  ScheduledTasks:30 - Время :13:50:15 Количетсво пользователей в базе: 3
2019-10-31 13:52:48 INFO  ScheduledTasks:30 - Время :13:52:48 Количетсво пользователей в базе: 3
2019-10-31 13:53:14 INFO  ScheduledTasks:30 - Время :13:53:14 Количетсво пользователей в базе: 3
2019-10-31 13:54:43 INFO  ScheduledTasks:30 - Время :13:54:43 Количетсво пользователей в базе: 3
2019-10-31 13:56:06 INFO  ScheduledTasks:30 - Время :13:56:06 Количетсво пользователей в базе: 3
2019-10-31 13:57:16 INFO  ScheduledTasks:30 - Время :13:57:16 Количетсво пользователей в базе: 3
2019-10-31 13:58:33 INFO  ScheduledTasks:30 - Время :13:58:33 Количетсво пользователей в базе: 3
2019-10-31 13:59:05 INFO  ScheduledTasks:30 - Время :13:59:05 Количетсво пользователей в базе: 3
2019-10-31 14:01:06 INFO  ScheduledTasks:30 - Время :14:01:06 Количетсво пользователей в базе: 3
2019-10-31 14:01:25 INFO  ScheduledTasks:30 - Время :14:01:25 Количетсво пользователей в базе: 3
2019-10-31 14:02:09 INFO  ScheduledTasks:30 - Время :14:02:09 Количетсво пользователей в базе: 3
2019-10-31 14:04:11 INFO  ScheduledTasks:30 - Время :14:04:11 Количетсво пользователей в базе: 3
2019-10-31 14:04:48 INFO  MyLogger:27 - Добавлен пользователь Lilya
2019-10-31 14:05:04 INFO  MyLogger:19 - Поиск всех подчиненных сотрудника Lilya
2019-10-31 14:05:10 INFO  MyLogger:19 - Поиск всех подчиненных сотрудника Zhirik
2019-10-31 14:05:18 INFO  MyLogger:19 - Поиск всех подчиненных сотрудника Putin
2019-10-31 14:06:04 INFO  ScheduledTasks:30 - Время :14:06:04 Количетсво пользователей в базе: 0
2019-10-31 14:06:20 INFO  MyLogger:27 - Добавлен пользователь Putin
2019-10-31 14:06:30 INFO  MyLogger:27 - Добавлен пользователь Medved
2019-10-31 14:06:33 INFO  MyLogger:19 - Поиск всех подчиненных сотрудника Putin
2019-10-31 14:06:36 INFO  MyLogger:15 - Поиск всех боссов сотрудника Putin
2019-10-31 14:06:40 INFO  MyLogger:15 - Поиск всех боссов сотрудника Medved
2019-10-31 14:06:57 INFO  MyLogger:27 - Добавлен пользователь Zhirik
2019-10-31 14:07:08 INFO  MyLogger:15 - Поиск всех боссов сотрудника Zhirik
2019-10-31 14:07:13 INFO  MyLogger:19 - Поиск всех подчиненных сотрудника Putin
2019-10-31 14:07:16 INFO  MyLogger:19 - Поиск всех подчиненных сотрудника Medved
2019-10-31 14:07:37 INFO  MyLogger:19 - Поиск всех подчиненных сотрудника Medved
2019-10-31 14:08:10 INFO  MyLogger:15 - Поиск всех боссов сотрудника Zhirik
2019-10-31 14:09:43 INFO  ScheduledTasks:30 - Время :14:09:43 Количетсво пользователей в базе: 3
2019-10-31 14:10:43 INFO  ScheduledTasks:30 - Время :14:10:43 Количетсво пользователей в базе: 3
2019-10-31 14:11:07 INFO  ScheduledTasks:30 - Время :14:11:07 Количетсво пользователей в базе: 3
2019-10-31 14:11:25 INFO  ScheduledTasks:30 - Время :14:11:25 Количетсво пользователей в базе: 3
2019-10-31 14:11:35 INFO  MyLogger:15 - Поиск всех боссов сотрудника Zhirik
2019-10-31 14:11:55 INFO  MyLogger:27 - Добавлен пользователь Lilya
2019-10-31 14:11:59 INFO  MyLogger:15 - Поиск всех боссов сотрудника Lilya
2019-10-31 14:12:03 INFO  MyLogger:19 - Поиск всех подчиненных сотрудника Putin
2019-10-31 14:12:05 INFO  MyLogger:31 - Удален пользователь Lilya
2019-10-31 14:12:49 INFO  ScheduledTasks:30 - Время :14:12:49 Количетсво пользователей в базе: 3
2019-10-31 14:13:34 INFO  ScheduledTasks:30 - Время :14:13:34 Количетсво пользователей в базе: 3
2019-10-31 14:13:58 INFO  ScheduledTasks:30 - Время :14:13:58 Количетсво пользователей в базе: 3
2019-10-31 14:14:18 INFO  ScheduledTasks:30 - Время :14:14:18 Количетсво пользователей в базе: 3
2019-10-31 14:14:48 INFO  ScheduledTasks:30 - Время :14:14:48 Количетсво пользователей в базе: 3
2019-10-31 14:15:33 INFO  ScheduledTasks:30 - Время :14:15:33 Количетсво пользователей в базе: 3
2019-10-31 14:15:58 INFO  ScheduledTasks:30 - Время :14:15:58 Количетсво пользователей в базе: 3
2019-10-31 14:20:14 INFO  ScheduledTasks:30 - Время :14:20:14 Количетсво пользователей в базе: 3
2019-10-31 14:20:20 INFO  MyLogger:38 - Вход пользователя user с правами [ROLE_USER]
2019-10-31 14:20:40 INFO  MyLogger:38 - Вход пользователя admin с правами [ROLE_ADMIN]
2019-10-31 14:22:11 INFO  MyLogger:38 - Вход пользователя user с правами [ROLE_USER]
2019-10-31 14:22:34 INFO  MyLogger:38 - Вход пользователя admin с правами [ROLE_ADMIN]
2019-10-31 17:33:45 INFO  ScheduledTasks:30 - Время :17:33:45 Количетсво пользователей в базе: 3
2019-10-31 17:33:52 INFO  MyLogger:38 - Вход пользователя admin с правами [ROLE_ADMIN]
2019-10-31 17:34:45 INFO  MyLogger:38 - Вход пользователя admin с правами [ROLE_ADMIN]
2019-10-31 17:41:53 INFO  MyLogger:38 - Вход пользователя admin с правами [ROLE_ADMIN]
2019-11-04 14:59:42 INFO  ScheduledTasks:30 - Время :14:59:41 Количетсво пользователей в базе: 3
2019-11-04 14:59:55 INFO  MyLogger:38 - Вход пользователя user с правами [ROLE_USER]
2019-11-04 15:00:06 INFO  MyLogger:38 - Вход пользователя admin с правами [ROLE_ADMIN]
2019-11-04 15:02:49 INFO  ScheduledTasks:30 - Время :15:02:49 Количетсво пользователей в базе: 3
2019-11-04 15:04:38 INFO  ScheduledTasks:30 - Время :15:04:38 Количетсво пользователей в базе: 3
2019-11-04 15:05:26 INFO  ScheduledTasks:30 - Время :15:05:25 Количетсво пользователей в базе: 3
2019-11-04 15:07:07 INFO  MyLogger:29 - Добавлен пользователь Lilya
2019-11-04 15:07:18 INFO  MyLogger:21 - Поиск всех подчиненных сотрудника Putin
2019-11-04 15:07:22 INFO  MyLogger:17 - Поиск всех боссов сотрудника Lilya
2019-11-04 16:05:25 INFO  ScheduledTasks:30 - Время :16:05:25 Количетсво пользователей в базе: 4
2019-11-04 17:13:10 INFO  ScheduledTasks:30 - Время :17:13:10 Количетсво пользователей в базе: 4
2019-11-04 17:38:04 INFO  ScheduledTasks:30 - Время :17:38:03 Количетсво пользователей в базе: 4
2019-11-04 17:55:24 INFO  ScheduledTasks:30 - Время :17:55:24 Количетсво пользователей в базе: 4
2019-11-04 18:34:12 INFO  ScheduledTasks:30 - Время :18:34:12 Количетсво пользователей в базе: 4
2019-11-04 18:54:37 INFO  ScheduledTasks:30 - Время :18:54:37 Количетсво пользователей в базе: 4
2019-11-04 18:56:14 INFO  ScheduledTasks:30 - Время :18:56:14 Количетсво пользователей в базе: 4
2019-11-04 18:59:25 INFO  ScheduledTasks:30 - Время :18:59:24 Количетсво пользователей в базе: 4
2019-11-04 19:01:06 INFO  ScheduledTasks:30 - Время :19:01:06 Количетсво пользователей в базе: 4
2019-11-04 20:01:06 INFO  ScheduledTasks:30 - Время :20:01:06 Количетсво пользователей в базе: 4
2019-11-04 21:01:06 INFO  ScheduledTasks:30 - Время :21:01:06 Количетсво пользователей в базе: 4
2019-11-04 21:18:49 INFO  ScheduledTasks:30 - Время :21:18:49 Количетсво пользователей в базе: 4
2019-11-04 21:21:20 INFO  ScheduledTasks:30 - Время :21:21:20 Количетсво пользователей в базе: 4
2019-11-04 21:29:30 INFO  ScheduledTasks:30 - Время :21:29:30 Количетсво пользователей в базе: 4
2019-11-04 21:31:29 INFO  ScheduledTasks:30 - Время :21:31:29 Количетсво пользователей в базе: 4
2019-11-04 21:34:03 INFO  ScheduledTasks:30 - Время :21:34:03 Количетсво пользователей в базе: 4
2019-11-04 21:35:34 INFO  ScheduledTasks:30 - Время :21:35:34 Количетсво пользователей в базе: 4
2019-11-04 21:37:33 INFO  ScheduledTasks:30 - Время :21:37:33 Количетсво пользователей в базе: 4
2019-11-04 21:42:47 INFO  ScheduledTasks:30 - Время :21:42:46 Количетсво пользователей в базе: 4
2019-11-04 21:46:14 INFO  ScheduledTasks:30 - Время :21:46:13 Количетсво пользователей в базе: 4
2019-11-04 21:48:12 INFO  ScheduledTasks:30 - Время :21:48:12 Количетсво пользователей в базе: 4
2019-11-04 21:54:12 INFO  ScheduledTasks:30 - Время :21:54:12 Количетсво пользователей в базе: 4
2019-11-04 21:54:50 INFO  ScheduledTasks:30 - Время :21:54:50 Количетсво пользователей в базе: 4
2019-11-04 21:55:11 INFO  ScheduledTasks:30 - Время :21:55:11 Количетсво пользователей в базе: 4
2019-11-04 21:55:34 INFO  ScheduledTasks:30 - Время :21:55:34 Количетсво пользователей в базе: 4
2019-11-06 21:48:07 INFO  ScheduledTasks:30 - Время :21:48:07 Количетсво пользователей в базе: 4
2019-11-06 21:49:28 INFO  ScheduledTasks:30 - Время :21:49:28 Количетсво пользователей в базе: 4
2019-11-06 21:49:43 INFO  ScheduledTasks:30 - Время :21:49:43 Количетсво пользователей в базе: 4
2019-11-06 21:50:47 INFO  ScheduledTasks:30 - Время :21:50:47 Количетсво пользователей в базе: 4
